node: 35 matching clock cycle 1633433.00000000, pushing packet into request queue 
node: 35 matching clock cycle 1633434.00000000, pushing packet into request queue 
node: 50 matching clock cycle 1633439.00000000, pushing packet into request queue 
node: 50 matching clock cycle 1633439.00000000, pushing packet into request queue 
node: 3 matching clock cycle 1633439.00000000, pushing packet into request queue 
node: 14 matching clock cycle 1633441.00000000, pushing packet into request queue 
node: 9 matching clock cycle 1633441.00000000, pushing packet into request queue 
node: 9 matching clock cycle 1633442.00000000, pushing packet into request queue 
node: 9 matching clock cycle 1633443.00000000, pushing packet into request queue 
node: 37 matching clock cycle 1633445.00000000, pushing packet into request queue 
node: 52 matching clock cycle 1633445.00000000, pushing packet into request queue 
node: 37 matching clock cycle 1633446.00000000, pushing packet into request queue 
node: 52 matching clock cycle 1633446.00000000, pushing packet into request queue 
node: 52 matching clock cycle 1633447.00000000, pushing packet into request queue 
node: 51 matching clock cycle 1633448.00000000, pushing packet into request queue 
node: 52 matching clock cycle 1633448.00000000, pushing packet into request queue 
node: 52 matching clock cycle 1633449.00000000, pushing packet into request queue 
node: 47 matching clock cycle 1633450.00000000, pushing packet into request queue 
node: 0 matching clock cycle 1633451.00000000, pushing packet into request queue 
node: 0 matching clock cycle 1633451.00000000, pushing packet into request queue 
node: 47 matching clock cycle 1633451.00000000, pushing packet into request queue 
node: 3 matching clock cycle 1633453.00000000, pushing packet into request queue 
node: 35 matching clock cycle 1633454.00000000, pushing packet into request queue 
node: 11 matching clock cycle 1633457.00000000, pushing packet into request queue 
node: 11 matching clock cycle 1633457.00000000, pushing packet into request queue 
node: 47 matching clock cycle 1633459.00000000, pushing packet into request queue 
node: 47 matching clock cycle 1633460.00000000, pushing packet into request queue 
node: 40 matching clock cycle 1633463.00000000, pushing packet into request queue 
node: 16 matching clock cycle 1633465.00000000, pushing packet into request queue 
node: 16 matching clock cycle 1633466.00000000, pushing packet into request queue 
node: 39 matching clock cycle 1633467.00000000, pushing packet into request queue 
node: 16 matching clock cycle 1633467.00000000, pushing packet into request queue 
node: 37 matching clock cycle 1633468.00000000, pushing packet into request queue 
node: 16 matching clock cycle 1633468.00000000, pushing packet into request queue 
node: 41 matching clock cycle 1633474.00000000, pushing packet into request queue 
node: 48 matching clock cycle 1633474.00000000, pushing packet into request queue 
node: 48 matching clock cycle 1633475.00000000, pushing packet into request queue 
node: 37 matching clock cycle 1633476.00000000, pushing packet into request queue 
node: 0 matching clock cycle 1633477.00000000, pushing packet into request queue 
node: 0 matching clock cycle 1633477.00000000, pushing packet into request queue 
node: 52 matching clock cycle 1633477.00000000, pushing packet into request queue 
node: 19 matching clock cycle 1633480.00000000, pushing packet into request queue 
node: 37 matching clock cycle 1633481.00000000, pushing packet into request queue 
node: 9 matching clock cycle 1633481.00000000, pushing packet into request queue 
node: 19 matching clock cycle 1633481.00000000, pushing packet into request queue 
node: 19 matching clock cycle 1633482.00000000, pushing packet into request queue 
node: 52 matching clock cycle 1633487.00000000, pushing packet into request queue 
node: 3 matching clock cycle 1633487.00000000, pushing packet into request queue 
node: 3 matching clock cycle 1633489.00000000, pushing packet into request queue 
node: 3 matching clock cycle 1633490.00000000, pushing packet into request queue 
node: 31 matching clock cycle 1633493.00000000, pushing packet into request queue 
node: 41 matching clock cycle 1633494.00000000, pushing packet into request queue 
node: 41 matching clock cycle 1633495.00000000, pushing packet into request queue 
node: 41 matching clock cycle 1633496.00000000, pushing packet into request queue 
node: 41 matching clock cycle 1633497.00000000, pushing packet into request queue 
node: 41 matching clock cycle 1633498.00000000, pushing packet into request queue 
node: 41 matching clock cycle 1633500.00000000, pushing packet into request queue 
node: 43 matching clock cycle 1633501.00000000, pushing packet into request queue 
node: 41 matching clock cycle 1633501.00000000, pushing packet into request queue 
node: 43 matching clock cycle 1633501.00000000, pushing packet into request queue 
node: 29 matching clock cycle 1633504.00000000, pushing packet into request queue 
node: 29 matching clock cycle 1633505.00000000, pushing packet into request queue 
node: 39 matching clock cycle 1633505.00000000, pushing packet into request queue 
node: 43 matching clock cycle 1633507.00000000, pushing packet into request queue 
node: 17 matching clock cycle 1633507.00000000, pushing packet into request queue 
node: 43 matching clock cycle 1633507.00000000, pushing packet into request queue 
node: 39 matching clock cycle 1633509.00000000, pushing packet into request queue 
node: 29 matching clock cycle 1633510.00000000, pushing packet into request queue 
node: 39 matching clock cycle 1633510.00000000, pushing packet into request queue 
node: 22 matching clock cycle 1633511.00000000, pushing packet into request queue 
node: 39 matching clock cycle 1633511.00000000, pushing packet into request queue 
node: 52 matching clock cycle 1633511.00000000, pushing packet into request queue 
node: 39 matching clock cycle 1633512.00000000, pushing packet into request queue 
node: 39 matching clock cycle 1633519.00000000, pushing packet into request queue 
node: 34 matching clock cycle 1633519.00000000, pushing packet into request queue 
node: 39 matching clock cycle 1633524.00000000, pushing packet into request queue 
node: 34 matching clock cycle 1633524.00000000, pushing packet into request queue 

Info: /OSCI/SystemC: Simulation stopped by user.
Noxim simulation completed.
 ( 1633724.00000000 cycles executed)
% Total received packets: 676926
% Global average throughput (flits/cycle): 0.07785745
% Throughput (flits/cycle/IP): 2.54121622
% Max delay (cycles): 506.00000000
% Total energy (J): 9.1699049143e-04
% received flits to slice 0 1015470
% transmitted flits from slice 0 1015486
% average delay of slice 0 2.9234595511e+01
% received flits to slice 1 1353753
% transmitted flits from slice 1 1353836
% average delay of slice 1 1.1825591764e+02

Info: (I804) /IEEE_Std_1666/deprecated: You can turn off warnings about
             IEEE 1666 deprecated features by placing this method call
             as the first statement in your sc_main() function:

  sc_core::sc_report_handler::set_actions( "/IEEE_Std_1666/deprecated",
                                           sc_core::SC_DO_NOTHING );

