node: 28 matching clock cycle 2626.00000000, pushing packet into request queue 
node: 30 matching clock cycle 2632.00000000, pushing packet into request queue 
node: 32 matching clock cycle 2638.00000000, pushing packet into request queue 
node: 34 matching clock cycle 2644.00000000, pushing packet into request queue 
node: 36 matching clock cycle 2650.00000000, pushing packet into request queue 
node: 38 matching clock cycle 2657.00000000, pushing packet into request queue 
the processing element 27stops at 2862000.00000000
node: 40 matching clock cycle 2662.00000000, pushing packet into request queue 
node: 42 matching clock cycle 2664.00000000, pushing packet into request queue 
the processing element 33stops at 2866000.00000000
the processing element 28stops at 2870000.00000000
node: 44 matching clock cycle 2674.00000000, pushing packet into request queue 
node: 46 matching clock cycle 2680.00000000, pushing packet into request queue 
node: 48 matching clock cycle 2686.00000000, pushing packet into request queue 
node: 50 matching clock cycle 2692.00000000, pushing packet into request queue 
node: 50 matching clock cycle 2692.00000000, pushing packet into request queue 
node: 52 matching clock cycle 2700.00000000, pushing packet into request queue 
node: 54 matching clock cycle 2707.00000000, pushing packet into request queue 
node: 54 matching clock cycle 2707.00000000, pushing packet into request queue 
node: 1 matching clock cycle 2712.00000000, pushing packet into request queue 
node: 3 matching clock cycle 2714.00000000, pushing packet into request queue 
node: 5 matching clock cycle 2724.00000000, pushing packet into request queue 
node: 5 matching clock cycle 2724.00000000, pushing packet into request queue 
node: 7 matching clock cycle 2730.00000000, pushing packet into request queue 
node: 9 matching clock cycle 2736.00000000, pushing packet into request queue 
node: 11 matching clock cycle 2742.00000000, pushing packet into request queue 
node: 11 matching clock cycle 2742.00000000, pushing packet into request queue 
the processing element 23stops at 2945000.00000000
node: 13 matching clock cycle 2748.00000000, pushing packet into request queue 
the processing element 29stops at 2949000.00000000
node: 15 matching clock cycle 2755.00000000, pushing packet into request queue 
node: 17 matching clock cycle 2760.00000000, pushing packet into request queue 
node: 19 matching clock cycle 2766.00000000, pushing packet into request queue 
node: 21 matching clock cycle 2772.00000000, pushing packet into request queue 
node: 23 matching clock cycle 2778.00000000, pushing packet into request queue 
node: 25 matching clock cycle 2784.00000000, pushing packet into request queue 
node: 27 matching clock cycle 2790.00000000, pushing packet into request queue 
node: 29 matching clock cycle 2796.00000000, pushing packet into request queue 
node: 31 matching clock cycle 2803.00000000, pushing packet into request queue 
node: 33 matching clock cycle 2808.00000000, pushing packet into request queue 
node: 35 matching clock cycle 2814.00000000, pushing packet into request queue 
node: 37 matching clock cycle 2820.00000000, pushing packet into request queue 
the processing element 30stops at 3024000.00000000
node: 39 matching clock cycle 2826.00000000, pushing packet into request queue 
the processing element 24stops at 3028000.00000000
the processing element 34stops at 3032000.00000000
node: 41 matching clock cycle 2832.00000000, pushing packet into request queue 
node: 43 matching clock cycle 2838.00000000, pushing packet into request queue 
node: 43 matching clock cycle 2838.00000000, pushing packet into request queue 
node: 45 matching clock cycle 2844.00000000, pushing packet into request queue 
node: 47 matching clock cycle 2851.00000000, pushing packet into request queue 
node: 49 matching clock cycle 2856.00000000, pushing packet into request queue 
node: 49 matching clock cycle 2856.00000000, pushing packet into request queue 
node: 51 matching clock cycle 2862.00000000, pushing packet into request queue 
node: 2 matching clock cycle 2882.00000000, pushing packet into request queue 
the processing element 31stops at 3107000.00000000
the processing element 35stops at 3111000.00000000
node: 53 matching clock cycle 2947.00000000, pushing packet into request queue 
node: 55 matching clock cycle 2953.00000000, pushing packet into request queue 
the processing element 41stops at 3186000.00000000
the processing element 36stops at 3269000.00000000
the processing element 32stops at 3273000.00000000
the processing element 37stops at 3348000.00000000
the processing element 38stops at 3356000.00000000
the processing element 3stops at 3392000.00000000
the processing element 39stops at 3431000.00000000
the processing element 42stops at 3435000.00000000
the processing element 43stops at 3514000.00000000
the processing element 49stops at 3518000.00000000
the processing element 44stops at 3593000.00000000
the processing element 40stops at 3597000.00000000
the processing element 45stops at 3672000.00000000
the processing element 46stops at 3755000.00000000
the processing element 47stops at 3834000.00000000
the processing element 50stops at 3842000.00000000
the processing element 51stops at 3917000.00000000
the processing element 58stops at 3996000.00000000

Info: /OSCI/SystemC: Simulation stopped by user.
Noxim simulation completed.
 ( 3996.00000000 cycles executed)
% Total received packets: 304
% Global average throughput (flits/cycle): 0.14411952
% Throughput (flits/cycle/IP): 0.00269770
% Max delay (cycles): 605.00000000
% Total energy (J): 1.8785533162e-06
% received flits to slice 0 538
% transmitted flits from slice 0 542
% average delay of slice 0 1.1188826816e+02
% received flits to slice 1 500
% transmitted flits from slice 1 632
% average delay of slice 1 7.4814400000e+02

Info: (I804) /IEEE_Std_1666/deprecated: You can turn off warnings about
             IEEE 1666 deprecated features by placing this method call
             as the first statement in your sc_main() function:

  sc_core::sc_report_handler::set_actions( "/IEEE_Std_1666/deprecated",
                                           sc_core::SC_DO_NOTHING );

