node: 43 matching clock cycle 90293.00000000, pushing packet into request queue 
node: 45 matching clock cycle 90319.00000000, pushing packet into request queue 
node: 9 matching clock cycle 90424.00000000, pushing packet into request queue 
node: 45 matching clock cycle 90484.00000000, pushing packet into request queue 
node: 43 matching clock cycle 90522.00000000, pushing packet into request queue 
node: 43 matching clock cycle 90522.00000000, pushing packet into request queue 
the processing element 16stops at 90840000.00000000
node: 9 matching clock cycle 90700.00000000, pushing packet into request queue 
node: 45 matching clock cycle 90704.00000000, pushing packet into request queue 
node: 43 matching clock cycle 90787.00000000, pushing packet into request queue 
node: 43 matching clock cycle 90787.00000000, pushing packet into request queue 
node: 45 matching clock cycle 90926.00000000, pushing packet into request queue 
node: 9 matching clock cycle 90930.00000000, pushing packet into request queue 
node: 43 matching clock cycle 91062.00000000, pushing packet into request queue 
node: 43 matching clock cycle 91062.00000000, pushing packet into request queue 
node: 45 matching clock cycle 91084.00000000, pushing packet into request queue 
node: 9 matching clock cycle 91188.00000000, pushing packet into request queue 
node: 43 matching clock cycle 91292.00000000, pushing packet into request queue 
node: 43 matching clock cycle 91292.00000000, pushing packet into request queue 
node: 45 matching clock cycle 91318.00000000, pushing packet into request queue 
node: 45 matching clock cycle 91320.00000000, pushing packet into request queue 
node: 9 matching clock cycle 91353.00000000, pushing packet into request queue 
node: 43 matching clock cycle 91559.00000000, pushing packet into request queue 
node: 43 matching clock cycle 91559.00000000, pushing packet into request queue 
node: 9 matching clock cycle 91573.00000000, pushing packet into request queue 
node: 43 matching clock cycle 91726.00000000, pushing packet into request queue 
node: 43 matching clock cycle 91726.00000000, pushing packet into request queue 
node: 45 matching clock cycle 91731.00000000, pushing packet into request queue 
node: 9 matching clock cycle 91794.00000000, pushing packet into request queue 
node: 43 matching clock cycle 91948.00000000, pushing packet into request queue 
node: 43 matching clock cycle 91948.00000000, pushing packet into request queue 
node: 9 matching clock cycle 91952.00000000, pushing packet into request queue 
node: 45 matching clock cycle 91962.00000000, pushing packet into request queue 
node: 45 matching clock cycle 91967.00000000, pushing packet into request queue 
node: 45 matching clock cycle 91969.00000000, pushing packet into request queue 
node: 45 matching clock cycle 91970.00000000, pushing packet into request queue 
node: 43 matching clock cycle 92171.00000000, pushing packet into request queue 
node: 43 matching clock cycle 92171.00000000, pushing packet into request queue 
node: 9 matching clock cycle 92184.00000000, pushing packet into request queue 
node: 9 matching clock cycle 92188.00000000, pushing packet into request queue 
node: 9 matching clock cycle 92331.00000000, pushing packet into request queue 
node: 43 matching clock cycle 92408.00000000, pushing packet into request queue 
node: 43 matching clock cycle 92408.00000000, pushing packet into request queue 
node: 43 matching clock cycle 92412.00000000, pushing packet into request queue 
node: 43 matching clock cycle 92412.00000000, pushing packet into request queue 
node: 43 matching clock cycle 92416.00000000, pushing packet into request queue 
node: 43 matching clock cycle 92416.00000000, pushing packet into request queue 
node: 43 matching clock cycle 92420.00000000, pushing packet into request queue 
node: 43 matching clock cycle 92420.00000000, pushing packet into request queue 
node: 43 matching clock cycle 92424.00000000, pushing packet into request queue 
node: 43 matching clock cycle 92424.00000000, pushing packet into request queue 
node: 43 matching clock cycle 92428.00000000, pushing packet into request queue 
node: 43 matching clock cycle 92428.00000000, pushing packet into request queue 
node: 9 matching clock cycle 92742.00000000, pushing packet into request queue 
node: 43 matching clock cycle 92855.00000000, pushing packet into request queue 
node: 43 matching clock cycle 92855.00000000, pushing packet into request queue 
node: 9 matching clock cycle 92974.00000000, pushing packet into request queue 
node: 9 matching clock cycle 92979.00000000, pushing packet into request queue 
node: 9 matching clock cycle 92980.00000000, pushing packet into request queue 
node: 9 matching clock cycle 92981.00000000, pushing packet into request queue 
node: 43 matching clock cycle 93087.00000000, pushing packet into request queue 
node: 43 matching clock cycle 93087.00000000, pushing packet into request queue 
node: 43 matching clock cycle 93092.00000000, pushing packet into request queue 
node: 43 matching clock cycle 93092.00000000, pushing packet into request queue 
node: 43 matching clock cycle 93094.00000000, pushing packet into request queue 
node: 43 matching clock cycle 93094.00000000, pushing packet into request queue 
node: 43 matching clock cycle 93096.00000000, pushing packet into request queue 
node: 43 matching clock cycle 93096.00000000, pushing packet into request queue 
node: 43 matching clock cycle 93097.00000000, pushing packet into request queue 
node: 43 matching clock cycle 93097.00000000, pushing packet into request queue 
node: 43 matching clock cycle 93103.00000000, pushing packet into request queue 
node: 43 matching clock cycle 93103.00000000, pushing packet into request queue 
the processing element 59stops at 93584000.00000000
the processing element 18stops at 97577000.00000000
the processing element 12stops at 99857000.00000000
the processing element 61stops at 103038000.00000000
the processing element 34stops at 103978000.00000000

Info: /OSCI/SystemC: Simulation stopped by user.
Noxim simulation completed.
 ( 103978.00000000 cycles executed)
% Total received packets: 27253
% Global average throughput (flits/cycle): 0.05053645
% Throughput (flits/cycle/IP): 0.10251001
% Max delay (cycles): 507.00000000
% Total energy (J): 5.3851582469e-05
% received flits to slice 0 40963
% transmitted flits from slice 0 40977
% average delay of slice 0 2.9373297202e+01
% received flits to slice 1 54406
% transmitted flits from slice 1 54504
% average delay of slice 1 2.2085859254e+02

Info: (I804) /IEEE_Std_1666/deprecated: You can turn off warnings about
             IEEE 1666 deprecated features by placing this method call
             as the first statement in your sc_main() function:

  sc_core::sc_report_handler::set_actions( "/IEEE_Std_1666/deprecated",
                                           sc_core::SC_DO_NOTHING );

