0.0547981
0.0829131
0.147169
0.0545793
0.082585
0.111744
0.128999
0.111128
0.111506
0.130491
0.109795
0.0842856
0.0554544
0.147905
0.0836193
0.0569363
0.0547981
0.0829131
0.147169
0.0545793
0.082585
0.111744
0.128999
0.111128
0.111506
0.130491
0.109795
0.0842856
0.0554544
0.147905
0.0836193
0.0569363
0.0661194
0.100542
0.155925
0.0672408
0.0992664
0.133603
0.155008
0.157128
0.155567
0.156922
0.13364
0.101869
0.0662779
0.15561
0.0991686
0.0671232
0.168996
0.257894
0.421306
0.165063
0.255651
0.353572
0.414216
0.423015
0.42526
0.412364
0.350534
0.262385
0.167548
0.421429
0.257822
0.172514
0.104818
0.155858
0.242814
0.103357
0.157196
0.208787
0.242647
0.242587
0.243132
0.243065
0.207196
0.155947
0.104525
0.242862
0.155622
0.104257
0.0499548
0.074413
0.119117
0.0477114
0.0740285
0.0974943
0.118116
0.112934
0.117471
0.114286
0.101132
0.0734582
0.0490593
0.111523
0.0746633
0.0493581
