0.0801041
0.121225
0.215085
0.0798763
0.1206
0.163136
0.18833
0.162418
0.162898
0.190482
0.160436
0.123144
0.0810057
0.216059
0.122306
0.0833176
0.0498932
0.0753982
0.133117
0.0498101
0.0749921
0.0995557
0.116022
0.100331
0.0997495
0.117206
0.100782
0.0760757
0.0492176
0.132325
0.0736556
0.0497732
0.14477
0.217693
0.364486
0.14268
0.218157
0.292206
0.341411
0.281376
0.281981
0.336206
0.29065
0.218095
0.142832
0.363654
0.218383
0.145532
0.0780313
0.116182
0.206984
0.0771262
0.11697
0.155834
0.181373
0.155282
0.155389
0.181453
0.155005
0.116341
0.0779275
0.207214
0.116497
0.0778732
0.0372114
0.0547083
0.100882
0.0352498
0.0558096
0.0727925
0.089397
0.0722229
0.0758074
0.0841145
0.0754033
0.0547449
0.0372105
0.0959681
0.0567318
0.0373321
0.0801041
0.121225
0.215085
0.0798763
0.1206
0.163136
0.18833
0.162418
0.162898
0.190482
0.160436
0.123144
0.0810057
0.216059
0.122306
0.0833176
0.0801041
0.121225
0.215085
0.0798763
0.1206
0.163136
0.18833
0.162418
0.162898
0.190482
0.160436
0.123144
0.0810057
0.216059
0.122306
0.0833176
0.0801041
0.121225
0.215085
0.0798763
0.1206
0.163136
0.18833
0.162418
0.162898
0.190482
0.160436
0.123144
0.0810057
0.216059
0.122306
0.0833176
0.0801041
0.121225
0.215085
0.0798763
0.1206
0.163136
0.18833
0.162418
0.162898
0.190482
0.160436
0.123144
0.0810057
0.216059
0.122306
0.0833176
0.0801041
0.121225
0.215085
0.0798763
0.1206
0.163136
0.18833
0.162418
0.162898
0.190482
0.160436
0.123144
0.0810057
0.216059
0.122306
0.0833176
0.0801041
0.121225
0.215085
0.0798763
0.1206
0.163136
0.18833
0.162418
0.162898
0.190482
0.160436
0.123144
0.0810057
0.216059
0.122306
0.0833176
0.0801041
0.121225
0.215085
0.0798763
0.1206
0.163136
0.18833
0.162418
0.162898
0.190482
0.160436
0.123144
0.0810057
0.216059
0.122306
0.0833176
0.0800983
0.121216
0.215098
0.0798802
0.120591
0.163134
0.188331
0.162392
0.162886
0.190483
0.160434
0.123126
0.0809998
0.216058
0.122307
0.0833116
0.0800983
0.121216
0.215098
0.0798802
0.120591
0.163134
0.188331
0.162392
0.162886
0.190483
0.160434
0.123126
0.0809998
0.216058
0.122307
0.0833116
0.0800983
0.121216
0.215098
0.0798802
0.120591
0.163134
0.188331
0.162392
0.162886
0.190483
0.160434
0.123126
0.0809998
0.216058
0.122307
0.0833116
0.0800983
0.121216
0.215098
0.0798802
0.120591
0.163134
0.188331
0.162392
0.162886
0.190483
0.160434
0.123126
0.0809998
0.216058
0.122307
0.0833116
0.0800983
0.121216
0.215098
0.0798802
0.120591
0.163134
0.188331
0.162392
0.162886
0.190483
0.160434
0.123126
0.0809998
0.216058
0.122307
0.0833116
0.0800983
0.121216
0.215098
0.0798802
0.120591
0.163134
0.188331
0.162392
0.162886
0.190483
0.160434
0.123126
0.0809998
0.216058
0.122307
0.0833116
0.0800983
0.121216
0.215098
0.0798802
0.120591
0.163134
0.188331
0.162392
0.162886
0.190483
0.160434
0.123126
0.0809998
0.216058
0.122307
0.0833116
0.04992
0.0754408
0.133105
0.0498167
0.0749852
0.0995264
0.11596
0.100303
0.0997182
0.117164
0.100719
0.0760238
0.0492005
0.132311
0.0736403
0.049789
0.0372218
0.05472
0.100885
0.0352499
0.0558158
0.0727945
0.0893975
0.0722294
0.0758162
0.084119
0.0754052
0.0547521
0.0372101
0.0959671
0.0567299
0.0373303
0.144772
0.217706
0.364561
0.142642
0.218191
0.292206
0.341373
0.281453
0.281936
0.336281
0.290648
0.218095
0.142838
0.363668
0.218399
0.145546
0.144772
0.217706
0.364561
0.142642
0.218191
0.292206
0.341373
0.281453
0.281936
0.336281
0.290648
0.218095
0.142838
0.363668
0.218399
0.145546
0.0800983
0.121216
0.215098
0.0798802
0.120591
0.163134
0.188331
0.162392
0.162886
0.190483
0.160434
0.123126
0.0809998
0.216058
0.122307
0.0833116
0.0499192
0.0754589
0.133131
0.0498141
0.074983
0.0995305
0.115969
0.100297
0.0997069
0.117149
0.100709
0.0760078
0.0491944
0.132298
0.0736459
0.0497957
0.0373226
0.0548654
0.101078
0.0353141
0.0559098
0.0728688
0.08949
0.0723552
0.0759562
0.0842507
0.0755714
0.0548858
0.0373081
0.0961631
0.056874
0.0374233
0.0372218
0.05472
0.100885
0.0352499
0.0558158
0.0727945
0.0893975
0.0722294
0.0758162
0.084119
0.0754052
0.0547521
0.0372101
0.0959671
0.0567299
0.0373303
0.144772
0.217706
0.364561
0.142642
0.218191
0.292206
0.341373
0.281453
0.281936
0.336281
0.290648
0.218095
0.142838
0.363668
0.218399
0.145546
0.0695582
0.10386
0.18195
0.0711764
0.0857332
0.128788
0.163327
0.132036
0.131096
0.160011
0.131658
0.0873797
0.0723719
0.181479
0.104225
0.067597
0.0780278
0.116153
0.206977
0.0771158
0.116965
0.155813
0.181377
0.15528
0.155381
0.181479
0.15502
0.116367
0.0778963
0.207219
0.116505
0.0778734
0.049928
0.0754574
0.133117
0.0498247
0.074987
0.0995332
0.115962
0.100316
0.0997176
0.117165
0.100711
0.0760201
0.0492067
0.132317
0.0736416
0.0497915
