0.000610705
0.00181273
0.00192421
0.000702796
0.000697949
0.00207446
0.00207446
0.00199206
0.00211808
0.00202599
0.0018515
0.0013959
0.000261731
0.00200176
0.00207446
0.00130865
0.250446
0.374523
0.479761
0.257609
0.366674
0.485497
0.551182
0.465861
0.488602
0.578158
0.488346
0.379504
0.251543
0.479497
0.367733
0.254641
0.238913
0.355867
0.488868
0.239867
0.362212
0.486504
0.568723
0.494324
0.49445
0.570287
0.484974
0.363787
0.238525
0.488695
0.357192
0.239518
0.248498
0.364488
0.484058
0.244355
0.374474
0.495981
0.573337
0.498026
0.498051
0.577163
0.488022
0.367827
0.247716
0.483809
0.362183
0.244818
0.223586
0.336412
0.461748
0.215655
0.328893
0.437764
0.522693
0.433927
0.455367
0.521239
0.454739
0.330121
0.216906
0.425583
0.329691
0.218841
0.000610705
0.00181273
0.00192421
0.000702796
0.000697949
0.00207446
0.00207446
0.00199206
0.00211808
0.00202599
0.0018515
0.0013959
0.000261731
0.00200176
0.00207446
0.00130865
0.000610705
0.00181273
0.00192421
0.000702796
0.000697949
0.00207446
0.00207446
0.00199206
0.00211808
0.00202599
0.0018515
0.0013959
0.000261731
0.00200176
0.00207446
0.00130865
0.000610705
0.00181273
0.00192421
0.000702796
0.000697949
0.00207446
0.00207446
0.00199206
0.00211808
0.00202599
0.0018515
0.0013959
0.000261731
0.00200176
0.00207446
0.00130865
0.000610705
0.00181273
0.00192421
0.000702796
0.000697949
0.00207446
0.00207446
0.00199206
0.00211808
0.00202599
0.0018515
0.0013959
0.000261731
0.00200176
0.00207446
0.00130865
0.000610705
0.00181273
0.00192421
0.000702796
0.000697949
0.00207446
0.00207446
0.00199206
0.00211808
0.00202599
0.0018515
0.0013959
0.000261731
0.00200176
0.00207446
0.00130865
0.000610705
0.00181273
0.00192421
0.000702796
0.000697949
0.00207446
0.00207446
0.00199206
0.00211808
0.00202599
0.0018515
0.0013959
0.000261731
0.00200176
0.00207446
0.00130865
0.000610705
0.00181273
0.00192421
0.000702796
0.000697949
0.00207446
0.00207446
0.00199206
0.00211808
0.00202599
0.0018515
0.0013959
0.000261731
0.00200176
0.00207446
0.00130865
0.000697898
0.00175928
0.00196284
0.000741517
0.000697898
0.00210823
0.00210823
0.00203069
0.0021567
0.00205977
0.00197253
0.00136187
0.000174474
0.00204038
0.00211308
0.00113408
0.000697898
0.00175928
0.00196284
0.000741517
0.000697898
0.00210823
0.00210823
0.00203069
0.0021567
0.00205977
0.00197253
0.00136187
0.000174474
0.00204038
0.00211308
0.00113408
0.000697898
0.00175928
0.00196284
0.000741517
0.000697898
0.00210823
0.00210823
0.00203069
0.0021567
0.00205977
0.00197253
0.00136187
0.000174474
0.00204038
0.00211308
0.00113408
0.000697898
0.00175928
0.00196284
0.000741517
0.000697898
0.00210823
0.00210823
0.00203069
0.0021567
0.00205977
0.00197253
0.00136187
0.000174474
0.00204038
0.00211308
0.00113408
0.000697898
0.00175928
0.00196284
0.000741517
0.000697898
0.00210823
0.00210823
0.00203069
0.0021567
0.00205977
0.00197253
0.00136187
0.000174474
0.00204038
0.00211308
0.00113408
0.000697898
0.00175928
0.00196284
0.000741517
0.000697898
0.00210823
0.00210823
0.00203069
0.0021567
0.00205977
0.00197253
0.00136187
0.000174474
0.00204038
0.00211308
0.00113408
0.000697898
0.00175928
0.00196284
0.000741517
0.000697898
0.00210823
0.00210823
0.00203069
0.0021567
0.00205977
0.00197253
0.00136187
0.000174474
0.00204038
0.00211308
0.00113408
0.255688
0.370958
0.479759
0.252489
0.364439
0.495025
0.569364
0.493267
0.496533
0.581518
0.492393
0.379236
0.246625
0.479495
0.366453
0.251702
0.223633
0.336384
0.461632
0.215525
0.32876
0.437711
0.522584
0.43386
0.455309
0.521229
0.454738
0.330139
0.216781
0.425514
0.329565
0.218811
0.241684
0.35608
0.488868
0.240287
0.362548
0.486953
0.569134
0.494324
0.49445
0.570663
0.483659
0.363561
0.239098
0.488695
0.356222
0.239292
0.241684
0.35608
0.488868
0.240287
0.362548
0.486953
0.569134
0.494324
0.49445
0.570663
0.483659
0.363561
0.239098
0.488695
0.356222
0.239292
0.000697898
0.00175928
0.00196284
0.000741517
0.000697898
0.00210823
0.00210823
0.00203069
0.0021567
0.00205977
0.00197253
0.00136187
0.000174474
0.00204038
0.00211308
0.00113408
0.255462
0.371332
0.479758
0.252729
0.364796
0.495378
0.569695
0.493626
0.496645
0.58137
0.492313
0.379238
0.247374
0.479494
0.365644
0.25174
0.262797
0.362024
0.462349
0.246888
0.354306
0.470401
0.541592
0.463033
0.476758
0.56182
0.475705
0.364386
0.245396
0.462188
0.353238
0.24462
0.223633
0.336384
0.461632
0.215525
0.32876
0.437711
0.522584
0.43386
0.455309
0.521229
0.454738
0.330139
0.216781
0.425514
0.329565
0.218811
0.241684
0.35608
0.488868
0.240287
0.362548
0.486953
0.569134
0.494324
0.49445
0.570663
0.483659
0.363561
0.239098
0.488695
0.356222
0.239292
0.262183
0.332028
0.48301
0.2494
0.390329
0.518993
0.62198
0.49811
0.498266
0.613454
0.536922
0.385026
0.238487
0.482568
0.334591
0.232224
0.260811
0.364378
0.484061
0.24417
0.373281
0.495461
0.574285
0.498076
0.498055
0.577363
0.488323
0.36766
0.247465
0.483869
0.362454
0.245697
0.255305
0.372546
0.479759
0.251819
0.363132
0.49226
0.564126
0.487311
0.4965
0.581253
0.49059
0.378032
0.246506
0.479494
0.36589
0.251531
