
		Noxim - the NoC Simulator
		(C) University of Catania


Info: (I804) /IEEE_Std_1666/deprecated: use of () to specify sensitivity is deprecated, use << instead

Info: (I804) /IEEE_Std_1666/deprecated: sc_sensitive_pos is deprecated use sc_sensitive << with pos() instead
Reset... done! Now running for 100000 cycles...

Info: /OSCI/SystemC: Simulation stopped by user.
Noxim simulation completed.
 ( 1617329.00000000 cycles executed)
% Total received packets: 270224
% Total received flits: 1620021
% Global average throughput (flits/cycle): 0.07527169
% Throughput (flits/cycle/IP): 1.01352665
% Max delay (cycles): 35386.00000000
% Total energy (J): 3.6345074410e-04
% received flits to slice 0 1620021
% transmitted flits from slice 0 1620363
% average delay of slice 0 5.0056379818e+03
% Total Error :5.9346215774e+00

Info: (I804) /IEEE_Std_1666/deprecated: You can turn off warnings about
             IEEE 1666 deprecated features by placing this method call
             as the first statement in your sc_main() function:

  sc_core::sc_report_handler::set_actions( "/IEEE_Std_1666/deprecated",
                                           sc_core::SC_DO_NOTHING );

