0.0804175
0.121881
0.216964
0.0802528
0.12097
0.163694
0.188938
0.164741
0.164906
0.190848
0.161034
0.123927
0.0808876
0.218146
0.122846
0.0837856
0.0804175
0.121881
0.216964
0.0802528
0.12097
0.163694
0.188938
0.164741
0.164906
0.190848
0.161034
0.123927
0.0808876
0.218146
0.122846
0.0837856
0.0804175
0.121881
0.216964
0.0802528
0.12097
0.163694
0.188938
0.164741
0.164906
0.190848
0.161034
0.123927
0.0808876
0.218146
0.122846
0.0837856
0.0804175
0.121881
0.216964
0.0802528
0.12097
0.163694
0.188938
0.164741
0.164906
0.190848
0.161034
0.123927
0.0808876
0.218146
0.122846
0.0837856
0.0804175
0.121881
0.216964
0.0802528
0.12097
0.163694
0.188938
0.164741
0.164906
0.190848
0.161034
0.123927
0.0808876
0.218146
0.122846
0.0837856
0.0804175
0.121881
0.216964
0.0802528
0.12097
0.163694
0.188938
0.164741
0.164906
0.190848
0.161034
0.123927
0.0808876
0.218146
0.122846
0.0837856
0.130865
0.197609
0.302323
0.131189
0.195739
0.261671
0.304077
0.324279
0.322718
0.305221
0.261192
0.198221
0.129847
0.300303
0.193749
0.130946
0.2088
0.319851
0.45673
0.191738
0.294899
0.413169
0.442999
0.413106
0.417664
0.437307
0.370205
0.291346
0.184129
0.438623
0.313913
0.205078
0.160166
0.235263
0.378092
0.158097
0.238386
0.317092
0.36795
0.381881
0.382135
0.369614
0.312651
0.235622
0.158927
0.375726
0.234611
0.157231
0.115005
0.173211
0.264767
0.112841
0.173311
0.230446
0.276691
0.288203
0.291299
0.268026
0.234624
0.173152
0.115469
0.259005
0.176087
0.115645
0.0804175
0.121881
0.216964
0.0802528
0.12097
0.163694
0.188938
0.164741
0.164906
0.190848
0.161034
0.123927
0.0808876
0.218146
0.122846
0.0837856
0.0804175
0.121881
0.216964
0.0802528
0.12097
0.163694
0.188938
0.164741
0.164906
0.190848
0.161034
0.123927
0.0808876
0.218146
0.122846
0.0837856
0.130865
0.197609
0.302323
0.131189
0.195739
0.261671
0.304077
0.324279
0.322718
0.305221
0.261192
0.198221
0.129847
0.300303
0.193749
0.130946
0.115005
0.173211
0.264767
0.112841
0.173311
0.230446
0.276691
0.288203
0.291299
0.268026
0.234624
0.173152
0.115469
0.259005
0.176087
0.115645
0.2088
0.319851
0.45673
0.191738
0.294899
0.413169
0.442999
0.413106
0.417664
0.437307
0.370205
0.291346
0.184129
0.438623
0.313913
0.205078
0.0804175
0.121881
0.216964
0.0802528
0.12097
0.163694
0.188938
0.164741
0.164906
0.190848
0.161034
0.123927
0.0808876
0.218146
0.122846
0.0837856
0.130865
0.197609
0.302323
0.131189
0.195739
0.261671
0.304077
0.324279
0.322718
0.305221
0.261192
0.198221
0.129847
0.300303
0.193749
0.130946
0.11559
0.173506
0.264401
0.114665
0.173625
0.230589
0.271901
0.288431
0.291484
0.267334
0.231392
0.173467
0.116535
0.258792
0.173659
0.115716
0.115005
0.173211
0.264767
0.112841
0.173311
0.230446
0.276691
0.288203
0.291299
0.268026
0.234624
0.173152
0.115469
0.259005
0.176087
0.115645
0.2088
0.319851
0.45673
0.191738
0.294899
0.413169
0.442999
0.413106
0.417664
0.437307
0.370205
0.291346
0.184129
0.438623
0.313913
0.205078
0.150076
0.212099
0.35156
0.151091
0.220946
0.317271
0.381843
0.358649
0.356812
0.3733
0.323333
0.219633
0.152601
0.351449
0.213911
0.146233
0.160166
0.235263
0.378092
0.158097
0.238386
0.317092
0.36795
0.381881
0.382135
0.369614
0.312651
0.235622
0.158927
0.375726
0.234611
0.157231
